2026-01-17 08:00:12 SUCCESS User Suraj logged in
2026-01-17 08:05:45 FAILED Invalid password for User Manoj
2026-01-17 08:10:33 SUCCESS User Ravi logged in
2026-01-17 08:12:21 FAILED Token expired for User test
2026-01-17 08:15:05 SUCCESS User Priya logged in
2026-01-17 08:20:11 SUCCESS User Suraj logged in
2026-01-17 08:25:44 FAILED Invalid password for User admin
2026-01-17 08:30:30 SUCCESS User Ravi logged in
2026-01-17 08:35:10 FAILED Token expired for User test
2026-01-17 08:40:22 SUCCESS User Priya logged in
2026-01-17 08:45:01 SUCCESS User Suraj logged in
2026-01-17 08:50:33 FAILED Invalid password for User admin
2026-01-17 08:55:12 SUCCESS User Ravi logged in
2026-01-17 09:00:45 FAILED Token expired for User test
2026-01-17 09:05:30 SUCCESS User Priya logged in
2026-01-17 09:10:20 SUCCESS User Suraj logged in
2026-01-17 09:15:11 FAILED Invalid password for User admin
2026-01-17 09:20:55 SUCCESS User Ravi logged in
2026-01-17 09:25:42 FAILED Token expired for User test
2026-01-17 09:30:10 SUCCESS User Priya logged in
2026-01-17 09:35:00 SUCCESS User Suraj logged in
2026-01-17 09:40:44 FAILED Invalid password for User admin
2026-01-17 09:45:33 SUCCESS User Ravi logged in
2026-01-17 09:50:15 FAILED Token expired for User test
2026-01-17 09:55:05 SUCCESS User Priya logged in
2026-01-17 10:00:12 SUCCESS User Suraj logged in
2026-01-17 10:05:45 FAILED Invalid password for User admin
2026-01-17 10:10:33 SUCCESS User Ravi logged in
2026-01-17 10:12:21 FAILED Token expired for User test
2026-01-17 10:15:05 SUCCESS User Priya logged in
2026-01-17 10:20:11 SUCCESS User Suraj logged in
2026-01-17 10:25:44 FAILED Invalid password for User admin
2026-01-17 10:30:30 SUCCESS User Ravi logged in
2026-01-17 10:35:10 FAILED Token expired for User test
2026-01-17 10:40:22 SUCCESS User Priya logged in
2026-01-17 10:45:01 SUCCESS User Suraj logged in
2026-01-17 10:50:33 FAILED Invalid password for User admin
2026-01-17 10:55:12 SUCCESS User Ravi logged in
2026-01-17 11:00:45 FAILED Token expired for User test
2026-01-17 11:05:30 SUCCESS User Priya logged in
2026-01-17 11:10:20 SUCCESS User Suraj logged in
2026-01-17 11:15:11 FAILED Invalid password for User admin
2026-01-17 11:20:55 SUCCESS User Ravi logged in
2026-01-17 11:25:42 FAILED Token expired for User Suraj
2026-01-17 11:30:10 SUCCESS User Priya logged in
2026-01-17 11:35:00 SUCCESS User Suraj logged in
2026-01-17 11:40:44 FAILED Invalid password for User admin
2026-01-17 11:45:33 SUCCESS User Ravi logged in
2026-01-17 11:50:15 FAILED Token expired for User neeraj
2026-01-17 11:55:05 SUCCESS User Priya logged in
