2025-01-10 09:00:01 INFO Application started successfully
2025-01-10 09:00:05 INFO Connecting to database
2025-01-10 09:00:07 INFO Database connection established

2025-01-10 09:05:12 WARNING High memory usage detected
2025-01-10 09:05:15 INFO Memory usage back to normal

2025-01-10 09:10:22 ERROR Failed to fetch user data
2025-01-10 09:10:25 ERROR Database timeout occurred
2025-01-10 09:00:01 INFO Application started successfully
2025-01-10 09:00:05 INFO Connecting to database
2025-01-10 09:00:07 INFO Database connection established

2025-01-10 09:05:12 WARNING High memory usage detected
2025-01-10 09:05:15 INFO Memory usage back to normal

2025-01-10 09:10:22 ERROR Failed to fetch user data
2025-01-10 09:10:25 ERROR Database timeout occurred
2025-01-10 09:10:22 ERROR Failed to fetch user data
2025-01-10 09:10:25 ERROR Database timeout occurred
2025-01-10 09:10:22 ERROR Failed to fetch user data
2025-01-10 09:10:25 ERROR Database timeout occurred
2025-01-10 09:10:22 ERROR Failed to fetch user data
2025-01-10 09:10:25 ERROR Database timeout occurred
2025-01-10 09:10:22 ERROR Failed to fetch user data
2025-01-10 09:10:25 ERROR Database timeout occurred
2025-01-10 09:10:22 ERROR Failed to fetch user data
2025-01-10 09:10:25 ERROR Database timeout occurred
2025-01-10 09:10:22 ERROR Failed to fetch user data
2025-01-10 09:10:25 ERROR Database timeout occurred
2025-01-10 09:10:22 ERROR Failed to fetch user data
2025-01-10 09:10:25 ERROR Database timeout occurred
2025-01-10 09:10:22 ERROR Failed to fetch user data
2025-01-10 09:10:25 ERROR Database timeout occurred
